2024-09-02 17:06:18,825 - db_helper - INFO - fetch_expenses_for_date called with 2024-08-01
2024-09-02 17:06:19,085 - db_helper - INFO - fetch_expense_summary called with start: 2024-08-01 end: 2024-08-05
2024-09-02 17:06:47,394 - db_helper - INFO - fetch_expenses_for_date called with 2024-09-30
2024-09-02 17:06:47,463 - db_helper - INFO - fetch_expense_summary called with start: 2024-08-01 end: 2024-08-05
2024-09-02 17:07:46,664 - db_helper - INFO - fetch_expenses_for_date called with 2024-09-30
2024-09-02 17:07:46,707 - db_helper - INFO - fetch_expense_summary called with start: 2024-08-01 end: 2024-08-05
2024-09-02 17:12:07,162 - db_helper - INFO - fetch_expenses_for_date called with 2024-08-01
2024-09-02 17:12:34,865 - db_helper - INFO - delete_expenses_for_date called with 2024-08-28
2024-09-02 17:12:34,893 - db_helper - INFO - insert_expense called with date: 2024-08-28, amount: 23.0, category: Shopping, notes: Bought a mercedez car
2024-09-03 13:09:25,792 - db_helper - INFO - fetch_expenses_for_date called with 2024-08-02
2024-09-03 13:14:13,453 - db_helper - INFO - fetch_expenses_for_date called with 2024-08-02
2024-09-03 13:14:40,070 - db_helper - INFO - fetch_expenses_for_date called with 2024-08-02
2024-09-03 13:15:46,497 - db_helper - INFO - fetch_expenses_for_date called with 2024-08-02
2024-09-03 13:16:01,748 - db_helper - INFO - fetch_expenses_for_date called with 2024-08-02
2024-09-03 13:18:09,655 - db_helper - INFO - fetch_expenses_for_date called with 2024-08-01
2024-09-03 13:19:12,044 - db_helper - INFO - fetch_expenses_for_date called with 2024-08-01
2024-09-03 13:20:07,878 - db_helper - INFO - fetch_expenses_for_date called with 2024-08-01
2024-09-03 13:20:18,908 - db_helper - INFO - fetch_expenses_for_date called with 2024-08-01
2024-09-03 13:23:28,920 - db_helper - INFO - fetch_expenses_for_date called with 2024-08-01
2024-09-03 13:24:40,488 - db_helper - INFO - fetch_expenses_for_date called with 2024-08-01
2024-09-03 13:24:42,618 - db_helper - INFO - delete_expenses_for_date called with 2024-08-01
2024-09-03 13:24:42,647 - db_helper - INFO - insert_expense called with date: 2024-08-01, amount: 1340.0, category: Rent, notes: Monthly rent payment
2024-09-03 13:24:42,658 - db_helper - INFO - insert_expense called with date: 2024-08-01, amount: 300.0, category: Food, notes: Groceries for the week
2024-09-03 13:24:42,664 - db_helper - INFO - insert_expense called with date: 2024-08-01, amount: 1200.0, category: Rent, notes: Monthly rent payment
2024-09-03 13:24:42,670 - db_helper - INFO - insert_expense called with date: 2024-08-01, amount: 300.0, category: Food, notes: Groceries for the week
2024-09-03 13:24:42,675 - db_helper - INFO - insert_expense called with date: 2024-08-01, amount: 20.0, category: Shopping, notes: Bought dairy milk chocolate
2024-09-03 13:25:30,234 - db_helper - INFO - fetch_expenses_for_date called with 2024-08-01
2024-09-03 13:25:35,277 - db_helper - INFO - fetch_expenses_for_date called with 2024-08-02
2024-09-03 13:25:39,836 - db_helper - INFO - fetch_expenses_for_date called with 2024-08-16
2024-09-03 13:41:40,040 - db_helper - INFO - fetch_expenses_for_date called with 2024-08-02
2024-09-03 13:42:43,656 - db_helper - INFO - fetch_expenses_for_date called with 2024-08-02
2024-09-03 13:43:46,494 - db_helper - INFO - fetch_expenses_for_date called with 2024-08-02
2024-09-03 13:43:51,431 - db_helper - INFO - fetch_expenses_for_date called with 2024-08-01
2024-09-03 13:43:55,008 - db_helper - INFO - fetch_expenses_for_date called with 2024-08-01
2024-09-03 13:49:44,387 - db_helper - INFO - fetch_expenses_for_date called with 2024-08-01
2024-09-03 13:51:02,499 - db_helper - INFO - fetch_expenses_for_date called with 2024-08-01
2024-09-03 13:52:03,370 - db_helper - INFO - fetch_expenses_for_date called with 2024-08-01
2024-09-03 13:53:26,743 - db_helper - INFO - fetch_expenses_for_date called with 2024-08-01
2024-09-03 13:54:03,659 - db_helper - INFO - fetch_expenses_for_date called with 2024-08-01
2024-09-03 13:57:37,265 - db_helper - INFO - fetch_expenses_for_date called with 2024-08-01
2024-09-03 13:59:03,489 - db_helper - INFO - fetch_expenses_for_date called with 2024-08-01
2024-09-03 14:00:04,391 - db_helper - INFO - fetch_expenses_for_date called with 2024-08-01
2024-09-03 14:01:07,377 - db_helper - INFO - fetch_expenses_for_date called with 2024-08-01
2024-09-03 14:01:34,920 - db_helper - INFO - fetch_expenses_for_date called with 2024-08-01
2024-09-03 14:01:47,824 - db_helper - INFO - fetch_expenses_for_date called with 2024-08-01
2024-09-03 14:02:43,817 - db_helper - INFO - fetch_expenses_for_date called with 2024-08-01
2024-09-03 14:02:49,061 - db_helper - INFO - fetch_expenses_for_date called with 2024-08-02
2024-09-03 14:02:54,091 - db_helper - INFO - fetch_expenses_for_date called with 2024-08-07
2024-09-03 14:08:01,017 - db_helper - INFO - fetch_expenses_for_date called with 2024-08-07
2024-09-03 14:08:39,479 - db_helper - INFO - fetch_expenses_for_date called with 2024-08-07
2024-09-03 14:08:41,555 - db_helper - INFO - delete_expenses_for_date called with 2024-08-07
2024-09-03 14:08:41,565 - db_helper - INFO - insert_expense called with date: 2024-08-07, amount: 20.0, category: Shopping, notes: bought coconut
2024-09-03 14:08:41,581 - db_helper - INFO - insert_expense called with date: 2024-08-07, amount: 10.0, category: Shopping, notes: bought hair oild
2024-09-03 14:08:41,586 - db_helper - INFO - insert_expense called with date: 2024-08-07, amount: 40.0, category: Food, notes: ate pakoda
2024-09-03 14:09:05,902 - db_helper - INFO - fetch_expenses_for_date called with 2024-08-01
2024-09-03 14:09:10,568 - db_helper - INFO - fetch_expenses_for_date called with 2024-08-07
2024-09-03 14:24:39,169 - db_helper - INFO - fetch_expense_summary called with start: 2024-08-01 end: 2024-08-05
2024-09-03 14:30:03,443 - db_helper - INFO - fetch_expense_summary called with start: 2024-08-01 end: 2024-08-05
2024-09-03 14:40:30,568 - db_helper - INFO - fetch_expenses_for_date called with 2024-08-01
2024-09-03 14:41:21,967 - db_helper - INFO - fetch_expenses_for_date called with 2024-08-01
2024-09-03 14:43:12,325 - db_helper - INFO - fetch_expenses_for_date called with 2024-08-01
2024-09-03 14:43:15,409 - db_helper - INFO - fetch_expenses_for_date called with 2024-08-01
2024-09-03 14:43:17,491 - db_helper - INFO - fetch_expense_summary called with start: 2024-08-01 end: 2024-08-05
2024-09-03 14:44:48,321 - db_helper - INFO - fetch_expenses_for_date called with 2024-08-01
2024-09-03 14:44:51,086 - db_helper - INFO - fetch_expenses_for_date called with 2024-08-01
2024-09-03 14:44:53,165 - db_helper - INFO - fetch_expense_summary called with start: 2024-08-01 end: 2024-08-05
2024-09-03 14:45:51,488 - db_helper - INFO - fetch_expenses_for_date called with 2024-08-01
2024-09-03 14:45:54,316 - db_helper - INFO - fetch_expenses_for_date called with 2024-08-01
2024-09-03 14:45:56,444 - db_helper - INFO - fetch_expense_summary called with start: 2024-08-01 end: 2024-08-05
2024-09-03 14:47:15,077 - db_helper - INFO - fetch_expenses_for_date called with 2024-08-01
2024-09-03 14:47:18,864 - db_helper - INFO - fetch_expenses_for_date called with 2024-08-01
2024-09-03 14:47:20,907 - db_helper - INFO - fetch_expense_summary called with start: 2024-08-01 end: 2024-08-05
2024-09-03 14:49:43,199 - db_helper - INFO - fetch_expenses_for_date called with 2024-08-01
2024-09-03 14:49:49,055 - db_helper - INFO - fetch_expenses_for_date called with 2024-08-01
2024-09-03 14:49:51,142 - db_helper - INFO - fetch_expense_summary called with start: 2024-08-01 end: 2024-08-05
2024-09-03 14:50:31,492 - db_helper - INFO - fetch_expenses_for_date called with 2024-08-01
2024-09-03 14:50:34,719 - db_helper - INFO - fetch_expenses_for_date called with 2024-08-01
2024-09-03 14:50:36,818 - db_helper - INFO - fetch_expense_summary called with start: 2024-08-01 end: 2024-08-05
2024-09-03 16:59:07,583 - db_helper - INFO - fetch_expenses_for_date called with 2024-08-01
2024-09-03 16:59:08,307 - db_helper - INFO - fetch_expenses_for_date called with 2024-08-07
2024-09-03 18:04:04,740 - db_helper - INFO - fetch_expenses_for_date called with 2024-08-16
2024-09-03 18:04:09,935 - db_helper - INFO - fetch_expenses_for_date called with 2024-08-17
2024-09-03 18:04:14,123 - db_helper - INFO - fetch_expenses_for_date called with 2024-08-15
2024-09-03 18:04:23,283 - db_helper - INFO - fetch_expenses_for_date called with 2024-08-15
2024-09-03 18:04:25,333 - db_helper - INFO - delete_expenses_for_date called with 2024-08-15
2024-09-03 18:04:30,552 - db_helper - INFO - fetch_expenses_for_date called with 2024-08-16
2024-09-03 18:04:34,641 - db_helper - INFO - fetch_expenses_for_date called with 2024-08-15
2024-09-05 10:13:48,185 - db_helper - INFO - fetch_expense_summary_by_months
2024-09-05 10:29:11,266 - db_helper - INFO - fetch_expenses_for_date called with 2024-08-01
2024-09-05 10:29:17,102 - db_helper - INFO - fetch_expenses_for_date called with 2024-08-01
2024-09-05 10:29:19,197 - db_helper - INFO - fetch_expense_summary called with start: 2024-08-01 end: 2024-08-05
2024-09-05 10:29:21,752 - db_helper - INFO - fetch_expense_summary_by_months
2024-09-05 10:36:42,786 - db_helper - INFO - fetch_expenses_for_date called with 2024-08-01
2024-09-05 10:36:44,868 - db_helper - INFO - fetch_expense_summary_by_months
2024-09-05 10:37:32,719 - db_helper - INFO - fetch_expenses_for_date called with 2024-08-01
2024-09-05 10:37:34,784 - db_helper - INFO - fetch_expense_summary_by_months
2024-09-05 10:39:08,954 - db_helper - INFO - fetch_expenses_for_date called with 2024-08-01
2024-09-05 10:39:11,034 - db_helper - INFO - fetch_expense_summary_by_months
2024-09-05 10:40:10,765 - db_helper - INFO - fetch_expense_summary_by_months
2024-09-05 10:43:39,085 - db_helper - INFO - fetch_expenses_for_date called with 2024-08-01
2024-09-05 10:43:41,155 - db_helper - INFO - fetch_expense_summary_by_months
2024-09-05 10:44:14,705 - db_helper - INFO - fetch_expenses_for_date called with 2024-08-01
2024-09-05 10:44:16,770 - db_helper - INFO - fetch_expense_summary_by_months
2024-09-05 10:44:34,109 - db_helper - INFO - fetch_expenses_for_date called with 2024-08-01
2024-09-05 10:44:36,170 - db_helper - INFO - fetch_expense_summary called with start: 2024-08-01 end: 2024-08-05
2024-09-05 10:44:38,239 - db_helper - INFO - fetch_expense_summary_by_months
2024-09-05 10:54:51,435 - db_helper - INFO - fetch_expenses_for_date called with 2024-08-01
2024-09-05 11:39:19,512 - db_helper - INFO - fetch_expenses_for_date called with 2024-08-09
2024-09-05 11:39:21,875 - db_helper - INFO - fetch_expense_summary_by_months
2024-09-05 11:40:18,005 - db_helper - INFO - fetch_expenses_for_date called with 2024-08-09
2024-09-05 11:40:20,155 - db_helper - INFO - delete_expenses_for_date called with 2024-08-09
2024-09-05 11:40:20,189 - db_helper - INFO - insert_expense called with date: 2024-08-09, amount: 1200.0, category: Rent, notes: Monthly rent payment
2024-09-05 11:40:20,226 - db_helper - INFO - insert_expense called with date: 2024-08-09, amount: 30.0, category: Entertainment, notes: Watched RRR movie
2024-09-05 11:40:20,241 - db_helper - INFO - insert_expense called with date: 2024-08-09, amount: 20.0, category: Shopping, notes: Bought mouse pad
2024-09-05 11:40:22,319 - db_helper - INFO - fetch_expense_summary_by_months
2024-09-05 11:41:36,417 - db_helper - INFO - fetch_expenses_for_date called with 2024-08-09
2024-09-05 11:41:38,538 - db_helper - INFO - fetch_expense_summary called with start: 2024-08-01 end: 2024-08-05
2024-09-05 11:41:40,685 - db_helper - INFO - fetch_expense_summary_by_months
2025-08-27 22:09:26,469 - db_helper - INFO - fetch_expenses_for_date called with 2024-08-01
2025-08-27 22:09:28,651 - db_helper - INFO - fetch_expense_summary_by_months
2025-08-28 14:38:31,466 - db_helper - INFO - fetch_expenses_for_date called with 2024-08-01
2025-08-28 14:38:33,641 - db_helper - INFO - fetch_expense_summary_by_months
2025-08-28 14:54:40,117 - db_helper - INFO - fetch_expenses_for_date called with 2024-08-01
2025-08-28 14:54:42,218 - db_helper - INFO - fetch_expense_summary_by_months
2025-08-28 14:56:05,318 - db_helper - INFO - fetch_expenses_for_date called with 2024-08-01
2025-08-28 14:56:07,407 - db_helper - INFO - fetch_expense_summary_by_months
2025-08-28 14:57:45,130 - db_helper - INFO - fetch_expenses_for_date called with 2024-08-01
2025-08-28 14:57:47,202 - db_helper - INFO - fetch_expense_summary_by_months
2025-08-28 14:59:50,899 - db_helper - INFO - fetch_expenses_for_date called with 2024-08-01
2025-08-28 14:59:52,948 - db_helper - INFO - fetch_expense_summary_by_months
2025-08-28 15:00:58,761 - db_helper - INFO - fetch_expenses_for_date called with 2024-08-01
2025-08-28 15:01:00,865 - db_helper - INFO - fetch_expense_summary_by_months
2025-08-28 15:02:18,607 - db_helper - INFO - fetch_expenses_for_date called with 2024-08-01
2025-08-28 15:02:20,697 - db_helper - INFO - fetch_expense_summary_by_months
2025-08-28 15:02:53,935 - db_helper - INFO - fetch_expenses_for_date called with 2024-08-01
2025-08-28 15:02:55,996 - db_helper - INFO - fetch_expense_summary_by_months
2025-08-28 15:03:05,778 - db_helper - INFO - fetch_expenses_for_date called with 2024-08-01
2025-08-28 15:03:07,853 - db_helper - INFO - fetch_expense_summary_by_months
2025-08-28 15:03:32,012 - db_helper - INFO - fetch_expenses_for_date called with 2024-08-01
2025-08-28 15:03:34,123 - db_helper - INFO - fetch_expense_summary_by_months
2025-08-28 15:04:08,741 - db_helper - INFO - fetch_expenses_for_date called with 2024-08-01
2025-08-28 15:04:10,817 - db_helper - INFO - fetch_expense_summary_by_months
2025-08-28 15:05:57,675 - db_helper - INFO - fetch_expenses_for_date called with 2024-08-01
2025-08-28 15:05:59,777 - db_helper - INFO - fetch_expense_summary_by_months
2025-08-28 15:07:41,429 - db_helper - INFO - fetch_expenses_for_date called with 2024-08-01
2025-08-28 15:07:43,517 - db_helper - INFO - fetch_expense_summary_by_months
2025-08-28 15:08:24,335 - db_helper - INFO - fetch_expenses_for_date called with 2024-08-01
2025-08-28 15:08:26,399 - db_helper - INFO - fetch_expense_summary_by_months
2025-08-28 15:08:38,186 - db_helper - INFO - fetch_expenses_for_date called with 2024-08-01
2025-08-28 15:08:40,305 - db_helper - INFO - fetch_expense_summary_by_months
2025-08-28 15:08:58,325 - db_helper - INFO - fetch_expenses_for_date called with 2024-08-15
2025-08-28 15:09:00,424 - db_helper - INFO - fetch_expense_summary_by_months
2025-08-28 15:09:58,647 - db_helper - INFO - fetch_expenses_for_date called with 2024-08-15
2025-08-28 15:10:00,722 - db_helper - INFO - fetch_expense_summary called with start: 2024-08-01 end: 2024-08-05
2025-08-28 15:10:02,845 - db_helper - INFO - fetch_expense_summary_by_months
2025-08-28 15:11:52,457 - db_helper - INFO - fetch_expenses_for_date called with 2024-08-15
2025-08-28 15:11:54,542 - db_helper - INFO - fetch_expense_summary_by_months
2025-08-28 15:13:12,517 - db_helper - INFO - fetch_expenses_for_date called with 2024-08-15
2025-08-28 15:13:14,678 - db_helper - INFO - fetch_expense_summary_by_months
2025-08-28 15:25:56,483 - db_helper - INFO - fetch_expenses_for_date called with 2024-08-15
2025-08-28 15:25:58,653 - db_helper - INFO - fetch_expense_summary_by_months
2025-08-28 15:26:02,805 - db_helper - INFO - fetch_expenses_for_date called with 2024-08-15
2025-08-28 15:26:04,927 - db_helper - INFO - fetch_expense_summary called with start: 2024-08-01 end: 2024-08-05
2025-08-28 15:26:07,974 - db_helper - INFO - fetch_expense_summary_by_months
2025-08-28 15:26:50,200 - db_helper - INFO - fetch_expenses_for_date called with 2024-08-15
2025-08-28 15:26:52,280 - db_helper - INFO - fetch_expense_summary_by_months
2025-08-28 15:27:10,647 - db_helper - INFO - fetch_expenses_for_date called with 2024-08-15
2025-08-28 15:27:12,711 - db_helper - INFO - fetch_expense_summary_by_months
2025-08-28 15:27:31,285 - db_helper - INFO - fetch_expenses_for_date called with 2024-08-15
2025-08-28 15:27:33,395 - db_helper - INFO - fetch_expense_summary_by_months
2025-08-28 15:27:45,399 - db_helper - INFO - fetch_expenses_for_date called with 2024-08-15
2025-08-28 15:27:47,490 - db_helper - INFO - fetch_expense_summary_by_months
2025-08-28 15:28:15,981 - db_helper - INFO - fetch_expenses_for_date called with 2024-08-15
2025-08-28 15:28:18,075 - db_helper - INFO - fetch_expense_summary called with start: 2024-08-01 end: 2024-08-05
2025-08-28 15:28:20,188 - db_helper - INFO - fetch_expense_summary_by_months
2025-08-28 15:32:42,531 - db_helper - INFO - fetch_expenses_for_date called with 2024-08-15
2025-08-28 15:32:44,619 - db_helper - INFO - fetch_expense_summary_by_months
2025-08-28 15:32:48,583 - db_helper - INFO - fetch_expenses_for_date called with 2024-08-15
2025-08-28 15:32:50,675 - db_helper - INFO - fetch_expense_summary called with start: 2024-08-01 end: 2024-08-05
2025-08-28 15:32:52,753 - db_helper - INFO - fetch_expense_summary_by_months
2025-08-28 15:34:23,517 - db_helper - INFO - fetch_expenses_for_date called with 2024-08-15
2025-08-28 15:34:25,635 - db_helper - INFO - fetch_expense_summary_by_months
2025-08-28 15:34:29,510 - db_helper - INFO - fetch_expenses_for_date called with 2024-08-15
2025-08-28 15:34:31,597 - db_helper - INFO - fetch_expense_summary called with start: 2024-08-01 end: 2024-08-05
2025-08-28 15:34:33,750 - db_helper - INFO - fetch_expense_summary_by_months
2025-08-28 15:35:57,046 - db_helper - INFO - fetch_expenses_for_date called with 2024-08-15
2025-08-28 15:35:59,140 - db_helper - INFO - fetch_expense_summary_by_months
2025-08-28 15:36:02,803 - db_helper - INFO - fetch_expenses_for_date called with 2024-08-15
2025-08-28 15:36:04,865 - db_helper - INFO - fetch_expense_summary called with start: 2024-08-01 end: 2024-08-05
2025-08-28 15:36:06,952 - db_helper - INFO - fetch_expense_summary_by_months
2025-08-28 15:36:56,772 - db_helper - INFO - fetch_expenses_for_date called with 2024-08-15
2025-08-28 15:36:58,853 - db_helper - INFO - fetch_expense_summary_by_months
2025-08-28 15:37:02,205 - db_helper - INFO - fetch_expenses_for_date called with 2024-08-15
2025-08-28 15:37:04,269 - db_helper - INFO - fetch_expense_summary called with start: 2024-08-01 end: 2024-08-05
2025-08-28 15:37:06,374 - db_helper - INFO - fetch_expense_summary_by_months
2025-08-28 15:37:24,660 - db_helper - INFO - fetch_expenses_for_date called with 2024-08-15
2025-08-28 15:37:26,765 - db_helper - INFO - fetch_expense_summary_by_months
2025-08-28 15:37:30,198 - db_helper - INFO - fetch_expenses_for_date called with 2024-08-15
2025-08-28 15:37:32,291 - db_helper - INFO - fetch_expense_summary called with start: 2024-08-01 end: 2024-08-05
2025-08-28 15:37:34,398 - db_helper - INFO - fetch_expense_summary_by_months
2025-08-28 15:41:00,695 - db_helper - INFO - fetch_expenses_for_date called with 2024-08-15
2025-08-28 15:41:02,783 - db_helper - INFO - fetch_expense_summary_by_months
2025-08-28 15:41:05,793 - db_helper - INFO - fetch_expenses_for_date called with 2024-08-15
2025-08-28 15:41:07,869 - db_helper - INFO - fetch_expense_summary called with start: 2024-08-01 end: 2024-08-05
2025-08-28 15:41:09,975 - db_helper - INFO - fetch_expense_summary_by_months
2025-08-28 15:41:19,758 - db_helper - INFO - fetch_expenses_for_date called with 2024-08-15
2025-08-28 15:41:21,845 - db_helper - INFO - fetch_expense_summary_by_months
2025-08-28 15:41:24,752 - db_helper - INFO - fetch_expenses_for_date called with 2024-08-15
2025-08-28 15:41:26,849 - db_helper - INFO - fetch_expense_summary called with start: 2024-08-01 end: 2024-08-05
2025-08-28 15:41:28,939 - db_helper - INFO - fetch_expense_summary_by_months
2025-08-28 15:41:46,585 - db_helper - INFO - fetch_expenses_for_date called with 2024-08-15
2025-08-28 15:41:48,679 - db_helper - INFO - fetch_expense_summary_by_months
2025-08-28 15:41:49,431 - db_helper - INFO - fetch_expenses_for_date called with 2024-08-15
2025-08-28 15:41:50,570 - db_helper - INFO - fetch_expenses_for_date called with 2024-08-15
2025-08-28 15:41:52,647 - db_helper - INFO - fetch_expense_summary called with start: 2024-08-01 end: 2024-08-05
2025-08-28 15:41:54,735 - db_helper - INFO - fetch_expense_summary_by_months
2025-08-28 15:42:06,962 - db_helper - INFO - fetch_expenses_for_date called with 2024-08-15
2025-08-28 15:42:09,048 - db_helper - INFO - fetch_expense_summary_by_months
2025-08-28 15:42:11,815 - db_helper - INFO - fetch_expenses_for_date called with 2024-08-15
2025-08-28 15:42:13,911 - db_helper - INFO - fetch_expense_summary called with start: 2024-08-01 end: 2024-08-05
2025-08-28 15:42:16,028 - db_helper - INFO - fetch_expense_summary_by_months
2025-08-28 15:43:23,947 - db_helper - INFO - fetch_expenses_for_date called with 2024-08-15
2025-08-28 15:43:26,023 - db_helper - INFO - fetch_expense_summary_by_months
2025-08-28 15:43:29,473 - db_helper - INFO - fetch_expenses_for_date called with 2024-08-15
2025-08-28 15:43:31,553 - db_helper - INFO - fetch_expense_summary called with start: 2024-08-01 end: 2024-08-05
2025-08-28 15:43:33,646 - db_helper - INFO - fetch_expense_summary_by_months
2025-08-28 15:45:43,866 - db_helper - INFO - fetch_expenses_for_date called with 2024-08-15
2025-08-28 15:45:45,933 - db_helper - INFO - fetch_expense_summary_by_months
2025-08-28 15:45:48,663 - db_helper - INFO - fetch_expenses_for_date called with 2024-08-15
2025-08-28 15:45:50,751 - db_helper - INFO - fetch_expense_summary called with start: 2024-08-01 end: 2024-08-05
2025-08-28 15:45:52,846 - db_helper - INFO - fetch_expense_summary_by_months
2025-08-28 15:47:30,546 - db_helper - INFO - fetch_expenses_for_date called with 2024-08-15
2025-08-28 15:47:32,649 - db_helper - INFO - fetch_expense_summary_by_months
2025-08-28 15:48:01,756 - db_helper - INFO - fetch_expenses_for_date called with 2024-08-15
2025-08-28 15:48:03,835 - db_helper - INFO - fetch_expense_summary called with start: 2024-08-01 end: 2024-08-05
2025-08-28 15:48:05,958 - db_helper - INFO - fetch_expense_summary_by_months
2025-08-28 15:50:45,619 - db_helper - INFO - fetch_expenses_for_date called with 2024-08-15
2025-08-28 15:50:47,708 - db_helper - INFO - fetch_expense_summary_by_months
2025-08-28 15:51:48,619 - db_helper - INFO - fetch_expenses_for_date called with 2024-10-11
2025-08-28 15:51:50,715 - db_helper - INFO - fetch_expense_summary_by_months
2025-08-28 15:51:57,976 - db_helper - INFO - fetch_expenses_for_date called with 2024-10-11
2025-08-28 15:52:00,096 - db_helper - INFO - delete_expenses_for_date called with 2024-10-11
2025-08-28 15:52:00,152 - db_helper - INFO - insert_expense called with date: 2024-10-11, amount: 1000000000000.0, category: Rent, notes: 
2025-08-28 15:52:02,232 - db_helper - INFO - fetch_expense_summary_by_months
2025-08-28 15:52:27,046 - db_helper - INFO - fetch_expenses_for_date called with 2024-10-11
2025-08-28 15:52:29,101 - db_helper - INFO - delete_expenses_for_date called with 2024-10-11
2025-08-28 15:52:29,161 - db_helper - INFO - insert_expense called with date: 2024-10-11, amount: 1000000000000.0, category: Rent, notes: 
2025-08-28 15:52:31,233 - db_helper - INFO - fetch_expense_summary_by_months
2025-08-28 15:52:34,759 - db_helper - INFO - fetch_expenses_for_date called with 2024-10-11
2025-08-28 15:52:36,844 - db_helper - INFO - fetch_expense_summary_by_months
2025-08-28 15:52:46,877 - db_helper - INFO - fetch_expenses_for_date called with 2024-08-01
2025-08-28 15:52:48,956 - db_helper - INFO - fetch_expense_summary_by_months
2025-08-28 15:53:02,563 - db_helper - INFO - fetch_expenses_for_date called with 2024-11-11
2025-08-28 15:53:04,669 - db_helper - INFO - fetch_expense_summary_by_months
2025-08-28 15:53:30,048 - db_helper - INFO - fetch_expenses_for_date called with 2024-11-11
2025-08-28 15:53:32,113 - db_helper - INFO - fetch_expense_summary called with start: 2024-08-01 end: 2024-08-05
2025-08-28 15:53:34,205 - db_helper - INFO - fetch_expense_summary_by_months
2025-08-28 15:53:39,237 - db_helper - INFO - fetch_expenses_for_date called with 2024-11-11
2025-08-28 15:53:41,347 - db_helper - INFO - fetch_expense_summary_by_months
2025-08-28 15:53:47,932 - db_helper - INFO - fetch_expenses_for_date called with 2024-11-11
2025-08-28 15:53:48,820 - db_helper - INFO - fetch_expenses_for_date called with 2024-11-11
2025-08-28 15:53:50,899 - db_helper - INFO - fetch_expense_summary called with start: 2024-11-01 end: 2024-11-29
2025-08-28 15:53:53,046 - db_helper - INFO - fetch_expense_summary_by_months
2025-08-28 15:54:06,452 - db_helper - INFO - fetch_expenses_for_date called with 2024-08-01
2025-08-28 15:54:08,552 - db_helper - INFO - fetch_expense_summary_by_months
2025-08-28 15:54:27,396 - db_helper - INFO - fetch_expenses_for_date called with 2024-08-02
2025-08-28 15:54:29,484 - db_helper - INFO - fetch_expense_summary_by_months
2025-08-28 15:54:31,774 - db_helper - INFO - fetch_expenses_for_date called with 2024-08-03
2025-08-28 15:54:33,861 - db_helper - INFO - fetch_expense_summary_by_months
2025-08-28 15:54:36,220 - db_helper - INFO - fetch_expenses_for_date called with 2024-08-04
2025-08-28 15:54:38,304 - db_helper - INFO - fetch_expense_summary_by_months
2025-08-28 15:54:40,608 - db_helper - INFO - fetch_expenses_for_date called with 2024-08-05
2025-08-28 15:54:42,695 - db_helper - INFO - fetch_expense_summary_by_months
2025-08-28 15:54:44,961 - db_helper - INFO - fetch_expenses_for_date called with 2024-08-06
2025-08-28 15:54:47,038 - db_helper - INFO - fetch_expense_summary_by_months
2025-08-28 15:54:48,814 - db_helper - INFO - fetch_expenses_for_date called with 2024-08-07
2025-08-28 15:54:50,881 - db_helper - INFO - fetch_expense_summary_by_months
2025-08-28 15:54:52,205 - db_helper - INFO - fetch_expenses_for_date called with 2024-08-08
2025-08-28 15:54:54,338 - db_helper - INFO - fetch_expense_summary_by_months
2025-08-28 15:54:55,928 - db_helper - INFO - fetch_expenses_for_date called with 2024-08-09
2025-08-28 15:54:58,050 - db_helper - INFO - fetch_expense_summary_by_months
2025-08-28 15:54:59,411 - db_helper - INFO - fetch_expenses_for_date called with 2024-08-10
2025-08-28 15:55:01,500 - db_helper - INFO - fetch_expense_summary_by_months
2025-08-28 15:55:03,263 - db_helper - INFO - fetch_expenses_for_date called with 2024-08-11
2025-08-28 15:55:05,369 - db_helper - INFO - fetch_expense_summary_by_months
2025-08-28 15:55:07,196 - db_helper - INFO - fetch_expenses_for_date called with 2024-08-12
2025-08-28 15:55:09,284 - db_helper - INFO - fetch_expense_summary_by_months
2025-08-28 15:55:10,967 - db_helper - INFO - fetch_expenses_for_date called with 2024-08-13
2025-08-28 15:55:13,045 - db_helper - INFO - fetch_expense_summary_by_months
2025-08-28 15:55:14,982 - db_helper - INFO - fetch_expenses_for_date called with 2024-08-14
2025-08-28 15:55:17,057 - db_helper - INFO - fetch_expense_summary_by_months
2025-08-28 15:55:18,583 - db_helper - INFO - fetch_expenses_for_date called with 2024-08-15
2025-08-28 15:55:20,647 - db_helper - INFO - fetch_expense_summary_by_months
2025-08-28 15:55:22,359 - db_helper - INFO - fetch_expenses_for_date called with 2024-08-16
2025-08-28 15:55:24,424 - db_helper - INFO - fetch_expense_summary_by_months
2025-08-28 15:55:28,015 - db_helper - INFO - fetch_expenses_for_date called with 2024-11-01
2025-08-28 15:55:30,090 - db_helper - INFO - fetch_expense_summary_by_months
2025-08-28 15:55:32,524 - db_helper - INFO - fetch_expenses_for_date called with 2024-11-02
2025-08-28 15:55:34,583 - db_helper - INFO - fetch_expense_summary_by_months
2025-08-28 15:55:36,547 - db_helper - INFO - fetch_expenses_for_date called with 2024-11-03
2025-08-28 15:55:38,621 - db_helper - INFO - fetch_expense_summary_by_months
2025-08-28 15:55:39,997 - db_helper - INFO - fetch_expenses_for_date called with 2024-11-04
2025-08-28 15:55:42,069 - db_helper - INFO - fetch_expense_summary_by_months
2025-08-28 15:55:43,271 - db_helper - INFO - fetch_expenses_for_date called with 2024-11-05
2025-08-28 15:55:45,337 - db_helper - INFO - fetch_expense_summary_by_months
2025-08-28 15:55:46,989 - db_helper - INFO - fetch_expenses_for_date called with 2024-11-06
2025-08-28 15:55:49,079 - db_helper - INFO - fetch_expense_summary_by_months
2025-08-28 15:55:51,039 - db_helper - INFO - fetch_expenses_for_date called with 2024-11-07
2025-08-28 15:55:53,116 - db_helper - INFO - fetch_expense_summary_by_months
2025-08-28 15:55:54,286 - db_helper - INFO - fetch_expenses_for_date called with 2024-11-08
2025-08-28 15:55:56,366 - db_helper - INFO - fetch_expense_summary_by_months
2025-08-28 15:55:57,549 - db_helper - INFO - fetch_expenses_for_date called with 2024-11-09
2025-08-28 15:55:59,624 - db_helper - INFO - fetch_expense_summary_by_months
2025-08-28 15:56:01,569 - db_helper - INFO - fetch_expenses_for_date called with 2024-11-10
2025-08-28 15:56:03,660 - db_helper - INFO - fetch_expense_summary_by_months
2025-08-28 15:56:04,862 - db_helper - INFO - fetch_expenses_for_date called with 2024-11-11
2025-08-28 15:56:06,942 - db_helper - INFO - fetch_expense_summary_by_months
2025-08-28 15:56:08,936 - db_helper - INFO - fetch_expenses_for_date called with 2024-11-12
2025-08-28 15:56:11,027 - db_helper - INFO - fetch_expense_summary_by_months
2025-08-28 15:56:12,400 - db_helper - INFO - fetch_expenses_for_date called with 2024-11-13
2025-08-28 15:56:14,478 - db_helper - INFO - fetch_expense_summary_by_months
2025-08-28 15:56:15,855 - db_helper - INFO - fetch_expenses_for_date called with 2024-11-14
2025-08-28 15:56:17,959 - db_helper - INFO - fetch_expense_summary_by_months
2025-08-28 15:56:20,375 - db_helper - INFO - fetch_expenses_for_date called with 2024-11-15
2025-08-28 15:56:22,452 - db_helper - INFO - fetch_expense_summary_by_months
2025-08-28 15:56:24,701 - db_helper - INFO - fetch_expenses_for_date called with 2024-11-16
2025-08-28 15:56:26,776 - db_helper - INFO - fetch_expense_summary_by_months
2025-08-28 15:56:31,399 - db_helper - INFO - fetch_expenses_for_date called with 2024-11-16
2025-08-28 15:56:33,488 - db_helper - INFO - fetch_expense_summary_by_months
2025-08-28 15:57:38,613 - db_helper - INFO - fetch_expenses_for_date called with 2024-11-16
2025-08-28 15:57:40,688 - db_helper - INFO - fetch_expense_summary_by_months
2025-08-28 15:58:26,995 - db_helper - INFO - fetch_expenses_for_date called with 2024-11-16
2025-08-28 15:58:29,068 - db_helper - INFO - delete_expenses_for_date called with 2024-11-16
2025-08-28 15:58:29,118 - db_helper - INFO - insert_expense called with date: 2024-11-16, amount: 5000.0, category: Food, notes: Holiday
2025-08-28 15:58:31,180 - db_helper - INFO - fetch_expense_summary_by_months
2025-08-28 16:09:16,848 - db_helper - INFO - fetch_expenses_for_date called with 2024-08-01
2025-08-28 16:09:18,971 - db_helper - INFO - fetch_expense_summary_by_months
2025-08-28 16:17:00,349 - db_helper - INFO - fetch_expenses_for_date called with 2024-08-01
2025-08-28 16:17:02,459 - db_helper - INFO - fetch_monthly_expense_summary called (latest data)
2025-08-28 16:20:33,035 - db_helper - INFO - fetch_expenses_for_date called with 2024-08-01
2025-08-28 16:20:35,095 - db_helper - INFO - fetch_monthly_expense_summary called (latest data)
2025-08-28 16:23:13,029 - db_helper - INFO - fetch_expenses_for_date called with 2024-08-01
2025-08-28 16:23:15,107 - db_helper - INFO - fetch_monthly_expense_summary called (latest clean data)
2025-08-28 16:23:40,998 - db_helper - INFO - fetch_expenses_for_date called with 2024-08-01
2025-08-28 16:23:43,065 - db_helper - INFO - fetch_monthly_expense_summary called (latest clean data)
2025-08-28 16:24:28,456 - db_helper - INFO - fetch_expenses_for_date called with 2024-08-01
2025-08-28 16:24:30,534 - db_helper - INFO - fetch_monthly_expense_summary called (latest clean data)
2025-08-28 16:26:12,553 - db_helper - INFO - fetch_expenses_for_date called with 2024-08-01
2025-08-28 16:26:14,605 - db_helper - INFO - fetch_monthly_expense_summary called (latest clean data)
2025-08-28 16:27:04,118 - db_helper - INFO - fetch_expenses_for_date called with 2024-08-01
2025-08-28 16:27:06,210 - db_helper - INFO - fetch_monthly_expense_summary called (latest clean data)
2025-08-28 16:28:02,104 - db_helper - INFO - fetch_expenses_for_date called with 2024-08-01
2025-08-28 16:28:04,169 - db_helper - INFO - fetch_monthly_expense_summary called (latest clean data)
2025-08-28 16:30:21,268 - db_helper - INFO - fetch_expenses_for_date called with 2024-08-01
2025-08-28 16:30:23,331 - db_helper - INFO - fetch_monthly_expense_summary called (latest clean data)
2025-08-28 16:30:37,449 - db_helper - INFO - fetch_expenses_for_date called with 2024-08-01
2025-08-28 16:30:39,507 - db_helper - INFO - fetch_monthly_expense_summary called (latest clean data)
2025-08-28 16:30:44,277 - db_helper - INFO - fetch_expenses_for_date called with 2024-08-01
2025-08-28 16:30:46,340 - db_helper - INFO - fetch_monthly_expense_summary called (latest clean data)
2025-08-28 16:31:44,501 - db_helper - INFO - fetch_expenses_for_date called with 2024-08-01
2025-08-28 16:31:46,575 - db_helper - INFO - fetch_monthly_expense_summary called (latest clean data)
2025-08-28 16:39:00,438 - db_helper - INFO - fetch_expenses_for_date called with 2024-08-01
2025-08-28 16:39:02,523 - db_helper - INFO - fetch_monthly_expense_summary called (latest clean data)
2025-08-28 16:40:24,365 - db_helper - INFO - fetch_expenses_for_date called with 2024-08-01
2025-08-28 16:40:26,453 - db_helper - INFO - fetch_monthly_expense_summary called (latest clean data)
2025-08-28 16:40:36,559 - db_helper - INFO - fetch_expenses_for_date called with 2024-08-01
2025-08-28 16:40:38,635 - db_helper - INFO - fetch_monthly_expense_summary called (latest clean data)
2025-08-28 16:40:49,944 - db_helper - INFO - fetch_expenses_for_date called with 2024-08-01
2025-08-28 16:40:52,014 - db_helper - INFO - fetch_monthly_expense_summary called (latest clean data)
2025-08-28 16:41:22,211 - db_helper - INFO - fetch_expenses_for_date called with 2024-08-01
2025-08-28 16:41:24,315 - db_helper - INFO - fetch_monthly_expense_summary called (latest clean data)
2025-08-28 16:41:37,337 - db_helper - INFO - fetch_expenses_for_date called with 2024-08-01
2025-08-28 16:41:39,382 - db_helper - INFO - fetch_monthly_expense_summary called (latest clean data)
2025-08-28 16:41:51,845 - db_helper - INFO - fetch_expenses_for_date called with 2024-08-01
2025-08-28 16:41:53,905 - db_helper - INFO - fetch_monthly_expense_summary called (latest clean data)
2025-08-28 16:42:49,662 - db_helper - INFO - fetch_expenses_for_date called with 2024-08-01
2025-08-28 16:42:51,738 - db_helper - INFO - fetch_monthly_expense_summary called (latest clean data)
2025-08-28 16:53:05,474 - db_helper - INFO - fetch_expenses_for_date called with 2024-08-01
2025-08-28 16:53:07,546 - db_helper - INFO - fetch_monthly_expense_summary called (latest clean data)
2025-08-28 16:54:38,126 - db_helper - INFO - fetch_expenses_for_date called with 2024-08-01
2025-08-28 16:54:40,156 - db_helper - INFO - fetch_monthly_expense_summary called (latest clean data)
2025-08-28 16:56:10,923 - db_helper - INFO - fetch_expenses_for_date called with 2024-08-01
2025-08-28 16:56:12,984 - db_helper - INFO - fetch_monthly_expense_summary called (latest clean data)
2025-08-28 16:57:06,181 - db_helper - INFO - fetch_expenses_for_date called with 2024-08-01
2025-08-28 16:57:08,248 - db_helper - INFO - fetch_monthly_expense_summary called (latest clean data)
2025-08-28 16:59:42,539 - db_helper - INFO - fetch_expenses_for_date called with 2024-08-01
2025-08-28 16:59:44,599 - db_helper - INFO - fetch_monthly_expense_summary called (latest clean data)
2025-08-28 16:59:54,565 - db_helper - INFO - fetch_expenses_for_date called with 2024-08-01
2025-08-28 16:59:56,629 - db_helper - INFO - fetch_monthly_expense_summary called (latest clean data)
2025-08-28 17:00:04,942 - db_helper - INFO - fetch_expenses_for_date called with 2024-08-01
2025-08-28 17:00:07,024 - db_helper - INFO - fetch_monthly_expense_summary called (latest clean data)
2025-08-28 17:01:34,639 - db_helper - INFO - fetch_expenses_for_date called with 2024-08-01
2025-08-28 17:01:36,688 - db_helper - INFO - fetch_monthly_expense_summary called (latest clean data)
2025-08-28 17:03:11,146 - db_helper - INFO - fetch_expenses_for_date called with 2024-08-01
2025-08-28 17:03:13,203 - db_helper - INFO - fetch_monthly_expense_summary called (latest clean data)
2025-08-28 17:03:46,838 - db_helper - INFO - fetch_expenses_for_date called with 2024-08-01
2025-08-28 17:03:48,906 - db_helper - INFO - fetch_monthly_expense_summary called (latest clean data)
2025-08-28 17:07:49,439 - db_helper - INFO - fetch_expenses_for_date called with 2024-08-01
2025-08-28 17:07:51,500 - db_helper - INFO - fetch_monthly_expense_summary called (latest clean data)
2025-08-28 17:09:59,308 - db_helper - INFO - fetch_expenses_for_date called with 2024-08-01
2025-08-28 17:10:01,382 - db_helper - INFO - fetch_monthly_expense_summary called (latest clean data)
2025-08-28 17:10:43,740 - db_helper - INFO - fetch_expenses_for_date called with 2024-08-01
2025-08-28 17:10:45,809 - db_helper - INFO - fetch_monthly_expense_summary called (latest clean data)
2025-08-28 17:16:04,638 - db_helper - INFO - fetch_expenses_for_date called with 2024-08-01
2025-08-28 17:16:06,690 - db_helper - INFO - fetch_monthly_expense_summary called (latest clean data)
2025-08-28 17:16:10,636 - db_helper - INFO - fetch_expenses_for_date called with 2024-08-01
2025-08-28 17:16:12,711 - db_helper - INFO - fetch_expense_summary called with start: 2024-08-01 end: 2024-08-05
2025-08-28 17:16:14,797 - db_helper - INFO - fetch_monthly_expense_summary called (latest clean data)
2025-08-28 17:22:52,381 - db_helper - INFO - fetch_expenses_for_date called with 2024-08-01
2025-08-28 17:22:54,441 - db_helper - INFO - fetch_monthly_expense_summary called (latest clean data)
2025-08-28 17:23:19,540 - db_helper - INFO - fetch_expenses_for_date called with 2024-08-01
2025-08-28 17:23:21,630 - db_helper - INFO - fetch_monthly_expense_summary called (latest clean data)
2025-08-28 17:24:05,873 - db_helper - INFO - fetch_expenses_for_date called with 2024-08-01
2025-08-28 17:24:07,944 - db_helper - INFO - fetch_monthly_expense_summary called (latest clean data)
2025-08-28 17:24:18,950 - db_helper - INFO - fetch_expenses_for_date called with 2024-08-01
2025-08-28 17:24:21,022 - db_helper - INFO - fetch_monthly_expense_summary called (latest clean data)
2025-08-28 17:26:56,163 - db_helper - INFO - fetch_expenses_for_date called with 2024-08-01
2025-08-28 17:26:58,234 - db_helper - INFO - fetch_monthly_expense_summary called (latest clean data)
2025-08-28 17:27:07,678 - db_helper - INFO - fetch_expenses_for_date called with 2024-08-01
2025-08-28 17:27:09,751 - db_helper - INFO - fetch_monthly_expense_summary called (latest clean data)
2025-08-28 17:29:24,351 - db_helper - INFO - fetch_expenses_for_date called with 2024-08-01
2025-08-28 17:29:26,425 - db_helper - INFO - fetch_monthly_expense_summary called (latest clean data)
2025-08-28 17:29:33,836 - db_helper - INFO - fetch_expenses_for_date called with 2024-08-01
2025-08-28 17:29:35,879 - db_helper - INFO - fetch_monthly_expense_summary called (latest clean data)
2025-08-28 17:29:49,392 - db_helper - INFO - fetch_expenses_for_date called with 2024-08-01
2025-08-28 17:29:51,463 - db_helper - INFO - fetch_monthly_expense_summary called (latest clean data)
2025-08-28 17:29:59,114 - db_helper - INFO - fetch_expenses_for_date called with 2024-08-01
2025-08-28 17:30:01,163 - db_helper - INFO - fetch_monthly_expense_summary called (latest clean data)
2025-08-28 17:31:28,999 - db_helper - INFO - fetch_expenses_for_date called with 2024-08-01
2025-08-28 17:31:31,077 - db_helper - INFO - fetch_monthly_expense_summary called (latest clean data)
2025-08-28 17:32:36,109 - db_helper - INFO - fetch_expenses_for_date called with 2024-08-01
2025-08-28 17:32:38,187 - db_helper - INFO - fetch_monthly_expense_summary called (latest clean data)
2025-08-28 17:34:41,833 - db_helper - INFO - fetch_expenses_for_date called with 2024-08-01
2025-08-28 17:34:43,899 - db_helper - INFO - fetch_monthly_expense_summary called (latest clean data)
2025-08-28 17:36:03,703 - db_helper - INFO - fetch_expenses_for_date called with 2024-08-01
2025-08-28 17:36:05,788 - db_helper - INFO - fetch_monthly_expense_summary called (latest clean data)
2025-08-28 17:36:15,014 - db_helper - INFO - fetch_expenses_for_date called with 2024-08-01
2025-08-28 17:36:17,081 - db_helper - INFO - fetch_monthly_expense_summary called (latest clean data)
2025-08-28 17:36:19,789 - db_helper - INFO - fetch_expenses_for_date called with 2024-08-01
2025-08-28 17:36:21,864 - db_helper - INFO - fetch_monthly_expense_summary called (latest clean data)
2025-08-28 17:36:29,730 - db_helper - INFO - fetch_expenses_for_date called with 2024-08-01
2025-08-28 17:36:31,787 - db_helper - INFO - fetch_monthly_expense_summary called (latest clean data)
2025-08-28 17:36:44,197 - db_helper - INFO - fetch_expenses_for_date called with 2024-08-01
2025-08-28 17:36:46,265 - db_helper - INFO - fetch_monthly_expense_summary called (latest clean data)
2025-08-28 17:36:55,233 - db_helper - INFO - fetch_expenses_for_date called with 2024-08-01
2025-08-28 17:36:57,304 - db_helper - INFO - fetch_monthly_expense_summary called (latest clean data)
2025-08-28 17:42:19,176 - db_helper - INFO - fetch_expenses_for_date called with 2024-08-01
2025-08-28 17:42:21,233 - db_helper - INFO - fetch_monthly_expense_summary called (latest clean data)
2025-08-28 17:43:49,102 - db_helper - INFO - fetch_expenses_for_date called with 2024-08-01
2025-08-28 17:43:51,162 - db_helper - INFO - fetch_expense_summary called with start: 2024-08-01 end: 2024-08-05
2025-08-28 17:43:53,248 - db_helper - INFO - fetch_monthly_expense_summary called (latest clean data)
